GET /api/sessoes 200 572 - 61.931 ms -
GET /api/sessoes 200 572 - 2.393 ms -
POST /api/auth/login/validate 200 14 - 3.280 ms {}
GET /api/produtos 200 2 - 5.029 ms -
POST /api/auth/login/validate 200 14 - 0.753 ms {}
GET /api/produtos 304 - - 2.718 ms -
GET /api/sessoes 200 2 - 57.312 ms -
GET /api/sessoes 200 2 - 2.076 ms -
POST /api/auth/login/validate 200 14 - 3.969 ms {}
GET /api/produtos 200 2 - 9.756 ms -
POST /api/auth/login/validate 200 14 - 1.572 ms {}
GET /api/produtos 304 - - 2.852 ms -
GET /api/sessoes 200 2 - 49.357 ms -
GET /api/produtos 200 2 - 5.237 ms -
POST /api/auth/login/validate 200 14 - 3.241 ms {}
GET /api/sessoes 304 - - 4.229 ms -
GET /api/produtos 304 - - 1.943 ms -
GET /api/sessoes 304 - - 2.084 ms -
GET /api/produtos 304 - - 1.574 ms -
POST /api/auth/login/validate 200 14 - 1.654 ms {}
POST /api/auth/login/validate 200 14 - 0.477 ms {}
POST /api/auth/login/validate 200 14 - 0.554 ms {}
POST /api/upload/single 200 152 - 67.488 ms {}
POST /api/sessoes 500 458 - 64.710 ms {"nome":"Pratos","midiaUrl":"/uploads/e98e07cf-6e12-42a1-93a9-805e1cd61aee.mp4"}
GET /api/sessoes 200 2 - 3.983 ms -
GET /api/produtos 304 - - 4.199 ms -
GET /api/sessoes 304 - - 1.078 ms -
POST /api/auth/login/validate 200 14 - 1.368 ms {}
POST /api/upload/single 200 152 - 43.663 ms {}
POST /api/sessoes 201 233 - 31.142 ms {"nome":"Pratos","subtitulo":"Pratos feitos a moda antiga","midiaUrl":"/uploads/1cc73b7c-86fa-4deb-a4dd-c5c3df412714.mp4"}
GET /api/sessoes 200 249 - 1.800 ms -
GET /api/sessoes 200 249 - 1.018 ms -
GET /api/produtos 304 - - 0.881 ms -
GET /api/uploads/1cc73b7c-86fa-4deb-a4dd-c5c3df412714.mp4 206 10826242 - 2.826 ms -
GET /api/uploads/1cc73b7c-86fa-4deb-a4dd-c5c3df412714.mp4 206 12802 - 0.923 ms -
GET /api/uploads/1cc73b7c-86fa-4deb-a4dd-c5c3df412714.mp4 206 10236418 - 0.769 ms -
GET /api/uploads/1cc73b7c-86fa-4deb-a4dd-c5c3df412714.mp4 206 10760706 - 1.380 ms -
GET /api/uploads/1cc73b7c-86fa-4deb-a4dd-c5c3df412714.mp4 206 10826242 - 0.737 ms -
GET /api/uploads/1cc73b7c-86fa-4deb-a4dd-c5c3df412714.mp4 206 12802 - 0.820 ms -
GET /api/uploads/1cc73b7c-86fa-4deb-a4dd-c5c3df412714.mp4 206 9908738 - 1.551 ms -
GET /api/sessoes 304 - - 1.005 ms -
GET /api/sessoes 304 - - 0.965 ms -
POST /api/auth/login/validate 200 14 - 1.134 ms {}
POST /api/upload/single 500 26 - 609.586 ms {}
POST /api/auth/login/validate 200 14 - 1.768 ms {}
POST /api/upload/single 500 26 - 540.021 ms {}
POST /api/auth/login/validate 200 14 - 0.523 ms {}
POST /api/upload/single 500 26 - 527.242 ms {}
POST /api/auth/login/validate 200 14 - 4.835 ms {}
POST /api/upload/single 200 153 - 895.490 ms {}
POST /api/sessoes 201 219 - 58.756 ms {"nome":"Doces","subtitulo":"Doces mineiros","midiaUrl":"/uploads/280d014f-8d4a-40ab-82d8-433993c5cb9d.mp4"}
GET /api/sessoes 200 483 - 27.108 ms -
GET /api/sessoes 200 483 - 3.146 ms -
GET /api/produtos 304 - - 6.179 ms -
GET /api/sessoes 304 - - 3.153 ms -
GET /api/sessoes 304 - - 4.116 ms -
GET /api/sessoes 304 - - 1.632 ms -
GET /api/sessoes 304 - - 2.177 ms -
GET /api/sessoes 304 - - 1.208 ms -
GET /api/sessoes 304 - - 2.299 ms -
GET /api/sessoes 304 - - 0.938 ms -
GET /api/uploads/1cc73b7c-86fa-4deb-a4dd-c5c3df412714.mp4 206 10826242 - 3.954 ms -
GET /api/uploads/1cc73b7c-86fa-4deb-a4dd-c5c3df412714.mp4 206 12802 - 0.886 ms -
GET /api/uploads/1cc73b7c-86fa-4deb-a4dd-c5c3df412714.mp4 206 10236418 - 0.575 ms -
GET /api/uploads/1cc73b7c-86fa-4deb-a4dd-c5c3df412714.mp4 206 10695170 - 1.042 ms -
GET /api/sessoes 304 - - 1.159 ms -
GET /api/sessoes 304 - - 0.920 ms -
GET /api/sessoes 304 - - 0.980 ms -
POST /api/auth/login/validate 200 14 - 3.196 ms {}
POST /api/upload/multiple 200 153 - 29.745 ms {}
POST /api/produtos 201 537 - 30.606 ms {"nome":"Prato feito","descricao":"teste","preco":89,"tags":"Trufado,Ao molho","sessaoId":"cmruon7o50000jdijqhk6gl3y","midiaUrl":["/uploads/8e6ead4f-1d7d-42ec-89d3-c288ad3bbf31.png"]}
GET /api/produtos 200 539 - 1.317 ms -
GET /api/sessoes 200 781 - 1.569 ms -
GET /api/sessoes 200 781 - 2.458 ms -
POST /api/auth/login/validate 200 14 - 0.397 ms {}
POST /api/upload/multiple 200 153 - 46.692 ms {}
POST /api/produtos 201 511 - 23.817 ms {"nome":"Abobora","descricao":"TEste","preco":55,"tags":"Ao molho","sessaoId":"cmruote3j00006zij2kohd6cc","midiaUrl":["/uploads/fc0c8eb7-a2be-4e51-9e41-45b4c4b36844.png"]}
GET /api/produtos 200 1051 - 1.923 ms -
GET /api/sessoes 200 1067 - 1.552 ms -
GET /api/sessoes 200 1067 - 1.159 ms -
GET /api/uploads/8e6ead4f-1d7d-42ec-89d3-c288ad3bbf31.png 200 2894746 - 0.670 ms -
GET /api/uploads/fc0c8eb7-a2be-4e51-9e41-45b4c4b36844.png 200 6764086 - 1.022 ms -
GET /api/sessoes 304 - - 1.141 ms -
GET /api/sessoes 304 - - 0.844 ms -
GET /api/sessoes 304 - - 0.961 ms -
GET /api/sessoes 304 - - 0.899 ms -
GET /api/sessoes 200 1067 - 1.388 ms -
GET /api/sessoes 200 1067 - 1.047 ms -
GET /api/sessoes 304 - - 1.319 ms -
GET /api/sessoes 200 1067 - 6.883 ms -
GET /api/sessoes 304 - - 4.201 ms -
GET /api/uploads/1cc73b7c-86fa-4deb-a4dd-c5c3df412714.mp4 206 10826242 - 2.442 ms -
GET /api/uploads/1cc73b7c-86fa-4deb-a4dd-c5c3df412714.mp4 206 12802 - 0.890 ms -
GET /api/uploads/1cc73b7c-86fa-4deb-a4dd-c5c3df412714.mp4 206 8892930 - 2.373 ms -
